{
  "stats": {
    "suites": 1,
    "tests": 2,
    "passes": 1,
    "pending": 2,
    "failures": -1,
    "start": "2023-12-08T03:04:03.931Z",
    "end": "2023-12-08T03:04:12.809Z",
    "duration": 8878,
    "testsRegistered": 3,
    "passPercent": 100,
    "pendingPercent": 66.66666666666666,
    "other": 1,
    "hasOther": true,
    "skipped": 0,
    "hasSkipped": false
  },
  "results": [
    {
      "uuid": "19ed8597-626d-4a49-a7f4-37287bb19f0e",
      "title": "",
      "fullFile": "cypress/e2e/methods/hidingcredentials.js",
      "file": "cypress/e2e/methods/hidingcredentials.js",
      "beforeHooks": [],
      "afterHooks": [],
      "tests": [],
      "suites": [
        {
          "uuid": "24549770-95c3-49d5-8dca-d8f9d46fbdba",
          "title": "practicing hooks",
          "fullFile": "",
          "file": "",
          "beforeHooks": [],
          "afterHooks": [],
          "tests": [
            {
              "title": "Test 1",
              "fullTitle": "practicing hooks Test 1",
              "timedOut": null,
              "duration": 8812,
              "state": "passed",
              "speed": "medium",
              "pass": true,
              "fail": false,
              "pending": false,
              "context": null,
              "code": "cy.visit('/');\ncy.contains('Admin').click();\ncy.get(_admin.admin.addButton).click();",
              "err": {},
              "uuid": "b856111a-881b-4bfa-b362-93983522ff01",
              "parentUUID": "24549770-95c3-49d5-8dca-d8f9d46fbdba",
              "isHook": false,
              "skipped": false
            },
            {
              "title": "Test 2",
              "fullTitle": "practicing hooks Test 2",
              "timedOut": null,
              "duration": 0,
              "state": "pending",
              "speed": null,
              "pass": false,
              "fail": false,
              "pending": true,
              "context": null,
              "code": "cy.visit('/');\ncy.contains(\"Claim\").click();",
              "err": {},
              "uuid": "80451296-8f8f-4951-88cc-305ed72808a6",
              "parentUUID": "24549770-95c3-49d5-8dca-d8f9d46fbdba",
              "isHook": false,
              "skipped": false
            },
            {
              "title": "Test 2",
              "fullTitle": "practicing hooks Test 2",
              "timedOut": null,
              "duration": 0,
              "state": "pending",
              "speed": null,
              "pass": false,
              "fail": false,
              "pending": true,
              "context": null,
              "code": "cy.visit('/');\ncy.contains(\"Directory\").click();",
              "err": {},
              "uuid": "c0ebef4b-089c-4e2e-9af1-466395d4db77",
              "parentUUID": "24549770-95c3-49d5-8dca-d8f9d46fbdba",
              "isHook": false,
              "skipped": false
            }
          ],
          "suites": [],
          "passes": [
            "b856111a-881b-4bfa-b362-93983522ff01"
          ],
          "failures": [],
          "pending": [
            "80451296-8f8f-4951-88cc-305ed72808a6",
            "c0ebef4b-089c-4e2e-9af1-466395d4db77"
          ],
          "skipped": [],
          "duration": 8812,
          "root": false,
          "rootEmpty": false,
          "_timeout": 2000
        }
      ],
      "passes": [],
      "failures": [],
      "pending": [],
      "skipped": [],
      "duration": 0,
      "root": true,
      "rootEmpty": true,
      "_timeout": 2000
    }
  ],
  "meta": {
    "mocha": {
      "version": "7.0.1"
    },
    "mochawesome": {
      "options": {
        "quiet": false,
        "reportFilename": "mochawesome",
        "saveHtml": true,
        "saveJson": true,
        "consoleReporter": "spec",
        "useInlineDiffs": false,
        "code": true
      },
      "version": "7.1.3"
    },
    "marge": {
      "options": null,
      "version": "6.2.0"
    }
  }
}